::1 - - [07/Apr/2020:10:39:30 +0000] "DELETE /api/v1/categories/5 HTTP/1.1" 200 73 "-" "PostmanRuntime/7.24.0"
::1 - - [07/Apr/2020:10:39:35 +0000] "GET /api/v1/categories/5 HTTP/1.1" 200 88 "-" "PostmanRuntime/7.24.0"
::1 - - [07/Apr/2020:10:39:37 +0000] "POST /api/v1/categories/5 HTTP/1.1" 404 159 "-" "PostmanRuntime/7.24.0"
::1 - - [07/Apr/2020:10:57:48 +0000] "GET /api/v1/categories HTTP/1.1" 200 109 "-" "PostmanRuntime/7.24.0"
::1 - - [07/Apr/2020:11:00:44 +0000] "GET /api/v1/categories/11 HTTP/1.1" 200 89 "-" "PostmanRuntime/7.24.0"
::1 - - [07/Apr/2020:11:03:02 +0000] "GET /api/v1/categories HTTP/1.1" 200 109 "-" "PostmanRuntime/7.24.0"
::1 - - [07/Apr/2020:11:18:04 +0000] "GET /api/v1/categories HTTP/1.1" 200 109 "-" "PostmanRuntime/7.24.0"
::1 - - [07/Apr/2020:11:19:30 +0000] "GET /api/v1/categories/12 HTTP/1.1" 200 89 "-" "PostmanRuntime/7.24.0"
::1 - - [07/Apr/2020:11:20:14 +0000] "POST /api/v1/categories HTTP/1.1" 200 68 "-" "PostmanRuntime/7.24.0"
::1 - - [07/Apr/2020:11:20:40 +0000] "PUT /api/v1/categories/1 HTTP/1.1" 200 75 "-" "PostmanRuntime/7.24.0"
::1 - - [07/Apr/2020:11:21:18 +0000] "GET /api/v1/categories/12 HTTP/1.1" 200 89 "-" "PostmanRuntime/7.24.0"
::1 - - [07/Apr/2020:11:21:22 +0000] "PUT /api/v1/categories/1 HTTP/1.1" 200 75 "-" "PostmanRuntime/7.24.0"
::1 - - [07/Apr/2020:11:21:28 +0000] "GET /api/v1/categories HTTP/1.1" 200 109 "-" "PostmanRuntime/7.24.0"
::1 - - [07/Apr/2020:11:25:11 +0000] "DELETE /api/v1/categories/23 HTTP/1.1" 200 74 "-" "PostmanRuntime/7.24.0"
::1 - - [07/Apr/2020:11:26:25 +0000] "PUT /api/v1/categories/1 HTTP/1.1" 200 75 "-" "PostmanRuntime/7.24.0"
::1 - - [09/Apr/2020:10:53:47 +0000] "GET / HTTP/1.1" 404 139 "-" "Mozilla/5.0 (Windows NT 10.0; Win64; x64) AppleWebKit/537.36 (KHTML, like Gecko) Chrome/80.0.3987.163 Safari/537.36"
::1 - - [10/Apr/2020:08:25:04 +0000] "GET /api/v1/categories HTTP/1.1" 200 109 "-" "PostmanRuntime/7.24.0"
::1 - - [10/Apr/2020:08:59:00 +0000] "POST /api/v1/categories HTTP/1.1" 200 68 "-" "PostmanRuntime/7.24.0"
::1 - - [10/Apr/2020:09:07:28 +0000] "POST /api/v1/categories HTTP/1.1" 200 68 "-" "PostmanRuntime/7.24.0"
::1 - - [10/Apr/2020:09:11:06 +0000] "POST /api/v1/categories HTTP/1.1" 200 68 "-" "PostmanRuntime/7.24.0"
::1 - - [10/Apr/2020:09:11:48 +0000] "POST /api/v1/categories HTTP/1.1" 200 68 "-" "PostmanRuntime/7.24.0"
::1 - - [10/Apr/2020:09:16:37 +0000] "POST /api/v1/categories HTTP/1.1" 400 553 "-" "PostmanRuntime/7.24.0"
::1 - - [10/Apr/2020:09:18:03 +0000] "POST /api/v1/categories HTTP/1.1" 200 270 "-" "PostmanRuntime/7.24.0"
::1 - - [10/Apr/2020:09:20:05 +0000] "POST /api/v1/categories HTTP/1.1" 400 279 "-" "PostmanRuntime/7.24.0"
::1 - - [10/Apr/2020:09:21:01 +0000] "POST /api/v1/categories HTTP/1.1" 400 664 "-" "PostmanRuntime/7.24.0"
::1 - - [10/Apr/2020:09:21:53 +0000] "POST /api/v1/categories HTTP/1.1" 200 270 "-" "PostmanRuntime/7.24.0"
::1 - - [10/Apr/2020:09:31:48 +0000] "GET /api/v1/categories HTTP/1.1" 200 519 "-" "PostmanRuntime/7.24.0"
::1 - - [10/Apr/2020:09:33:50 +0000] "GET /api/v1/categories/3333 HTTP/1.1" 200 91 "-" "PostmanRuntime/7.24.0"
::1 - - [10/Apr/2020:09:37:54 +0000] "GET /api/v1/categories/3333 HTTP/1.1" 400 205 "-" "PostmanRuntime/7.24.0"
::1 - - [10/Apr/2020:09:38:07 +0000] "GET /api/v1/categories HTTP/1.1" 200 519 "-" "PostmanRuntime/7.24.0"
::1 - - [10/Apr/2020:09:38:18 +0000] "GET /api/v1/categories/5e9039cb73ad354cb0b20cca HTTP/1.1" 200 270 "-" "PostmanRuntime/7.24.0"
::1 - - [10/Apr/2020:09:38:41 +0000] "GET /api/v1/categories/5e9039cb73ad354cb0b20cc1 HTTP/1.1" 200 28 "-" "PostmanRuntime/7.24.0"
::1 - - [10/Apr/2020:09:41:27 +0000] "GET /api/v1/categories/5e9039cb73ad354cb0b20cc1 HTTP/1.1" 400 95 "-" "PostmanRuntime/7.24.0"
::1 - - [10/Apr/2020:09:41:38 +0000] "GET /api/v1/categories/5e9039cb73ad354cb0b20cca HTTP/1.1" 200 270 "-" "PostmanRuntime/7.24.0"
::1 - - [10/Apr/2020:09:56:55 +0000] "GET /api/v1/categories/5e9039cb73ad354cb0b20cca HTTP/1.1" 200 270 "-" "PostmanRuntime/7.24.0"
::1 - - [10/Apr/2020:09:56:59 +0000] "GET /api/v1/categories/5e9039cb73ad354cb0b20cc1 HTTP/1.1" 400 95 "-" "PostmanRuntime/7.24.0"
::1 - - [10/Apr/2020:09:57:03 +0000] "GET /api/v1/categories/5e9039cb73ad354cb0b20cca HTTP/1.1" 400 95 "-" "PostmanRuntime/7.24.0"
::1 - - [10/Apr/2020:09:57:10 +0000] "GET /api/v1/categories/5e9039cb73ad354cb0b20cca HTTP/1.1" 400 95 "-" "PostmanRuntime/7.24.0"
::1 - - [10/Apr/2020:09:57:21 +0000] "GET /api/v1/categories/5e9039cb73ad354cb0b20cca HTTP/1.1" 400 95 "-" "PostmanRuntime/7.24.0"
::1 - - [10/Apr/2020:09:57:30 +0000] "GET /api/v1/categories/5e9039cb73ad354cb0b20cca HTTP/1.1" 400 95 "-" "PostmanRuntime/7.24.0"
::1 - - [10/Apr/2020:09:57:31 +0000] "GET /api/v1/categories/5e9039cb73ad354cb0b20cca HTTP/1.1" 400 95 "-" "PostmanRuntime/7.24.0"
::1 - - [10/Apr/2020:09:58:20 +0000] "GET /api/v1/categories HTTP/1.1" 200 272 "-" "PostmanRuntime/7.24.0"
::1 - - [10/Apr/2020:09:58:36 +0000] "POST /api/v1/categories HTTP/1.1" 200 272 "-" "PostmanRuntime/7.24.0"
::1 - - [10/Apr/2020:09:58:39 +0000] "GET /api/v1/categories HTTP/1.1" 200 521 "-" "PostmanRuntime/7.24.0"
::1 - - [10/Apr/2020:09:58:50 +0000] "GET /api/v1/categories/5e90434cd433fa11b078ed8a HTTP/1.1" 200 272 "-" "PostmanRuntime/7.24.0"
::1 - - [10/Apr/2020:10:01:21 +0000] "DELETE /api/v1/categories/23 HTTP/1.1" 200 74 "-" "PostmanRuntime/7.24.0"
::1 - - [10/Apr/2020:10:05:26 +0000] "GET /api/v1/categories HTTP/1.1" 200 521 "-" "PostmanRuntime/7.24.0"
::1 - - [10/Apr/2020:10:05:38 +0000] "DELETE /api/v1/categories/5e903ab0a6be03215ca50703 HTTP/1.1" 200 270 "-" "PostmanRuntime/7.24.0"
::1 - - [10/Apr/2020:10:06:00 +0000] "GET /api/v1/categories HTTP/1.1" 200 274 "-" "PostmanRuntime/7.24.0"
::1 - - [10/Apr/2020:10:06:10 +0000] "DELETE /api/v1/categories/32423 HTTP/1.1" 400 208 "-" "PostmanRuntime/7.24.0"
::1 - - [10/Apr/2020:10:06:39 +0000] "DELETE /api/v1/categories/5e90434cd433fa11b078ed83 HTTP/1.1" 400 95 "-" "PostmanRuntime/7.24.0"
::1 - - [10/Apr/2020:10:06:48 +0000] "DELETE /api/v1/categories/5e90434cd433fa11b078ed8 HTTP/1.1" 400 262 "-" "PostmanRuntime/7.24.0"
::1 - - [10/Apr/2020:10:13:11 +0000] "PUT /api/v1/categories/1 HTTP/1.1" 400 196 "-" "PostmanRuntime/7.24.0"
::1 - - [10/Apr/2020:10:13:42 +0000] "PUT /api/v1/categories/5e90434cd433fa11b078ed8a HTTP/1.1" 200 261 "-" "PostmanRuntime/7.24.0"
::1 - - [10/Apr/2020:10:14:11 +0000] "GET /api/v1/categories HTTP/1.1" 200 263 "-" "PostmanRuntime/7.24.0"
::1 - - [10/Apr/2020:10:14:42 +0000] "PUT /api/v1/categories/5e90434cd433fa11b078ed8a HTTP/1.1" 200 268 "-" "PostmanRuntime/7.24.0"
::1 - - [10/Apr/2020:10:15:02 +0000] "PUT /api/v1/categories/5e90434cd433fa11b078ed8a HTTP/1.1" 400 1115 "-" "PostmanRuntime/7.24.0"
::1 - - [10/Apr/2020:10:15:16 +0000] "PUT /api/v1/categories/5e90434cd433fa11b078ed8a HTTP/1.1" 200 268 "-" "PostmanRuntime/7.24.0"
::1 - - [10/Apr/2020:10:15:31 +0000] "PUT /api/v1/categories/5e90434cd433fa11b078ed8a HTTP/1.1" 200 269 "-" "PostmanRuntime/7.24.0"
::1 - - [10/Apr/2020:10:15:43 +0000] "PUT /api/v1/categories/5e90434cd433fa11b078ed8a HTTP/1.1" 200 268 "-" "PostmanRuntime/7.24.0"
::1 - - [10/Apr/2020:10:15:48 +0000] "PUT /api/v1/categories/5e90434cd433fa11b078ed85 HTTP/1.1" 400 95 "-" "PostmanRuntime/7.24.0"
::1 - - [10/Apr/2020:10:15:53 +0000] "PUT /api/v1/categories/5e90434cd433fa11b078ed8a HTTP/1.1" 200 268 "-" "PostmanRuntime/7.24.0"
::1 - - [10/Apr/2020:10:16:37 +0000] "POST /api/v1/categories HTTP/1.1" 200 258 "-" "PostmanRuntime/7.24.0"
::1 - - [10/Apr/2020:10:16:42 +0000] "GET /api/v1/categories HTTP/1.1" 200 505 "-" "PostmanRuntime/7.24.0"
::1 - - [10/Apr/2020:10:18:37 +0000] "POST /api/v1/categories HTTP/1.1" 200 235 "-" "PostmanRuntime/7.24.0"
::1 - - [11/Apr/2020:10:10:39 +0000] "GET /api/v1/categories/5e90434cd433fa11b078ed8a HTTP/1.1" 200 268 "-" "PostmanRuntime/7.24.1"
::1 - - [11/Apr/2020:10:10:46 +0000] "GET /api/v1/categories/5e90434cd433fa11b078ed8213 HTTP/1.1" 500 692 "-" "PostmanRuntime/7.24.1"
::1 - - [11/Apr/2020:10:18:08 +0000] "GET /api/v1/categories/5e90434cd433fa11b078ed8a HTTP/1.1" 200 268 "-" "PostmanRuntime/7.24.1"
::1 - - [11/Apr/2020:10:18:14 +0000] "GET /api/v1/categories/5e90434cd433fa11b078ed8add HTTP/1.1" 500 131 "-" "PostmanRuntime/7.24.1"
::1 - - [11/Apr/2020:10:18:40 +0000] "GET /api/v1/categories/5e90434cd433fa11b078ed8add HTTP/1.1" 500 131 "-" "PostmanRuntime/7.24.1"
::1 - - [11/Apr/2020:10:18:53 +0000] "GET /api/v1/categories/5e90434cd433fa11b078ed8add HTTP/1.1" 500 131 "-" "PostmanRuntime/7.24.1"
::1 - - [11/Apr/2020:10:21:03 +0000] "DELETE /api/v1/categories/5e90434cd433fa11b078ed5 HTTP/1.1" 500 128 "-" "PostmanRuntime/7.24.1"
::1 - - [11/Apr/2020:11:02:02 +0000] "DELETE /api/v1/categories/5e90434cd433fa11b078ed5 HTTP/1.1" 500 128 "-" "PostmanRuntime/7.24.1"
::1 - - [11/Apr/2020:11:03:10 +0000] "GET /api/v1/categories HTTP/1.1" 200 717 "-" "PostmanRuntime/7.24.1"
::1 - - [11/Apr/2020:11:03:23 +0000] "GET /api/v1/categories/5e90434cd433fa11b078ed8a HTTP/1.1" 200 268 "-" "PostmanRuntime/7.24.1"
::1 - - [11/Apr/2020:11:03:36 +0000] "GET /api/v1/categories/5e90434cd433fa11b078ed8b HTTP/1.1" 400 95 "-" "PostmanRuntime/7.24.1"
::1 - - [11/Apr/2020:11:03:49 +0000] "GET /api/v1/categories/5e90434cd433fa11b078ed8b HTTP/1.1" 400 103 "-" "PostmanRuntime/7.24.1"
::1 - - [11/Apr/2020:11:04:34 +0000] "GET /api/v1/categories/5e90434cd433fa11b078ed8b HTTP/1.1" 401 103 "-" "PostmanRuntime/7.24.1"
::1 - - [11/Apr/2020:11:07:11 +0000] "GET /api/v1/categories/5e90434cd433fa11b078ed8b HTTP/1.1" 400 114 "-" "PostmanRuntime/7.24.1"
::1 - - [07/May/2023:06:38:58 +0000] "GET /api/v1/categories HTTP/1.1" 200 778 "-" "PostmanRuntime/7.32.2"
::1 - - [07/May/2023:06:56:53 +0000] "GET /api/v1/categories HTTP/1.1" 200 778 "-" "PostmanRuntime/7.32.2"
::1 - - [07/May/2023:06:57:03 +0000] "GET /api/v1/categories/645738a6d6e2f2235a34049e HTTP/1.1" 200 189 "-" "PostmanRuntime/7.32.2"
::1 - - [07/May/2023:07:03:50 +0000] "GET /api/v1/categories/645738a6d6e2f2235a34049e HTTP/1.1" 200 189 "-" "PostmanRuntime/7.32.2"
::1 - - [07/May/2023:07:03:56 +0000] "GET /api/v1/categories/645738a6d6e2f2235a34049w HTTP/1.1" 500 140 "-" "PostmanRuntime/7.32.2"
::1 - - [07/May/2023:07:04:11 +0000] "GET /api/v1/categories/645738a6d6e2f2235a34049e HTTP/1.1" 200 189 "-" "PostmanRuntime/7.32.2"
::1 - - [07/May/2023:07:04:15 +0000] "GET /api/v1/categories/645738a6d6e2f2235a34049f HTTP/1.1" 400 106 "-" "PostmanRuntime/7.32.2"
::1 - - [07/May/2023:07:04:20 +0000] "GET /api/v1/categories/645738a6d6e2f2235a34049w HTTP/1.1" 500 140 "-" "PostmanRuntime/7.32.2"
::1 - - [07/May/2023:07:04:26 +0000] "GET /api/v1/categories/645738a6d6e2f2235a34049c HTTP/1.1" 400 106 "-" "PostmanRuntime/7.32.2"
::1 - - [07/May/2023:07:05:09 +0000] "GET /api/v1/categories/645738a6d6e2f2235a34049e HTTP/1.1" 200 189 "-" "PostmanRuntime/7.32.2"
::1 - - [07/May/2023:07:05:22 +0000] "GET /api/v1/categories/645738a6d6e2f2235a34049e HTTP/1.1" 200 189 "-" "Mozilla/5.0 (Macintosh; Intel Mac OS X 10_15_7) AppleWebKit/537.36 (KHTML, like Gecko) Chrome/110.0.0.0 Safari/537.36"
::1 - - [07/May/2023:07:05:22 +0000] "GET /favicon.ico HTTP/1.1" 404 150 "http://localhost:8000/api/v1/categories/645738a6d6e2f2235a34049e" "Mozilla/5.0 (Macintosh; Intel Mac OS X 10_15_7) AppleWebKit/537.36 (KHTML, like Gecko) Chrome/110.0.0.0 Safari/537.36"
::1 - - [07/May/2023:07:10:26 +0000] "GET /api/v1/categories/645738a6d6e2f2235a34049e HTTP/1.1" 200 189 "-" "PostmanRuntime/7.32.2"
::1 - - [07/May/2023:07:10:32 +0000] "GET /api/v1/categories/645738a6d6e2f2235a34049f HTTP/1.1" 400 106 "-" "PostmanRuntime/7.32.2"
::1 - - [07/May/2023:07:10:38 +0000] "GET /api/v1/categories/645738a6d6e2f2235a34049 HTTP/1.1" 400 69 "-" "PostmanRuntime/7.32.2"
::1 - - [07/May/2023:07:11:27 +0000] "POST /api/v1/categories HTTP/1.1" 500 220 "-" "PostmanRuntime/7.32.2"
::1 - - [07/May/2023:07:11:47 +0000] "POST /api/v1/categories HTTP/1.1" 500 220 "-" "PostmanRuntime/7.32.2"
::1 - - [07/May/2023:07:21:44 +0000] "POST /api/v1/categories HTTP/1.1" 500 149 "-" "PostmanRuntime/7.32.2"
::1 - - [07/May/2023:07:23:34 +0000] "POST /api/v1/categories HTTP/1.1" 400 96 "-" "PostmanRuntime/7.32.2"
::1 - - [07/May/2023:07:25:01 +0000] "POST /api/v1/categories HTTP/1.1" 500 369 "-" "PostmanRuntime/7.32.2"
::1 - - [07/May/2023:07:30:11 +0000] "GET /api/v1/categories HTTP/1.1" 200 778 "-" "PostmanRuntime/7.32.2"
::1 - - [07/May/2023:07:47:06 +0000] "GET /api/v1/categories HTTP/1.1" 200 778 "-" "PostmanRuntime/7.32.2"
::1 - - [07/May/2023:07:59:28 +0000] "GET /api/v1/categories HTTP/1.1" 200 26 "-" "PostmanRuntime/7.32.2"
::1 - - [07/May/2023:07:59:37 +0000] "GET /api/v1/categories HTTP/1.1" 200 778 "-" "PostmanRuntime/7.32.2"
::1 - - [07/May/2023:08:00:02 +0000] "GET /api/v1/categories HTTP/1.1" 200 778 "-" "PostmanRuntime/7.32.2"
::1 - - [07/May/2023:08:01:30 +0000] "GET /api/v1/categories HTTP/1.1" 200 778 "-" "PostmanRuntime/7.32.2"
